# JRE version: OpenJDK Runtime Environment (8.0_152-b02) (build 1.8.0_152-release-1024-b02)
# Java VM: OpenJDK 64-Bit Server VM (25.152-b02 mixed mode windows-amd64 compressed oops)
Heap:
 PSYoungGen      total 285696K, used 108516K [0x000000076ab00000, 0x000000077e500000, 0x00000007c0000000)
  eden space 256000K, 42% used [0x000000076ab00000,0x00000007714f9200,0x000000077a500000)
  from space 29696K, 0% used [0x000000077a500000,0x000000077a500000,0x000000077c200000)
  to   space 23552K, 0% used [0x000000077c200000,0x000000077c200000,0x000000077d900000)
 ParOldGen       total 168960K, used 168904K [0x00000006c0000000, 0x00000006ca500000, 0x000000076ab00000)
  object space 168960K, 99% used [0x00000006c0000000,0x00000006ca4f2148,0x00000006ca500000)
 Metaspace       used 6623K, capacity 7348K, committed 7552K, reserved 1056768K
  class space    used 608K, capacity 620K, committed 640K, reserved 1048576K
GC Heap History (10 events):
Event: 8.751 GC heap before
{Heap before GC invocations=8 (full 1):
 PSYoungGen      total 285696K, used 29676K [0x000000076ab00000, 0x000000077e500000, 0x00000007c0000000)
  eden space 256000K, 0% used [0x000000076ab00000,0x000000076ab00000,0x000000077a500000)
  from space 29696K, 99% used [0x000000077a500000,0x000000077c1fb0e8,0x000000077c200000)
  to   space 23552K, 0% used [0x000000077c200000,0x000000077c200000,0x000000077d900000)
 ParOldGen       total 86016K, used 60837K [0x00000006c0000000, 0x00000006c5400000, 0x000000076ab00000)
  object space 86016K, 70% used [0x00000006c0000000,0x00000006c3b69650,0x00000006c5400000)
 Metaspace       used 6582K, capacity 7348K, committed 7552K, reserved 1056768K
  class space    used 607K, capacity 620K, committed 640K, reserved 1048576K
Event: 10.344 GC heap after
Heap after GC invocations=8 (full 1):
 PSYoungGen      total 285696K, used 488K [0x000000076ab00000, 0x000000077e500000, 0x00000007c0000000)
  eden space 256000K, 0% used [0x000000076ab00000,0x000000076ab00000,0x000000077a500000)
  from space 29696K, 1% used [0x000000077a500000,0x000000077a57a208,0x000000077c200000)
  to   space 23552K, 0% used [0x000000077c200000,0x000000077c200000,0x000000077d900000)
 ParOldGen       total 168960K, used 85907K [0x00000006c0000000, 0x00000006ca500000, 0x000000076ab00000)
  object space 168960K, 50% used [0x00000006c0000000,0x00000006c53e4e70,0x00000006ca500000)
 Metaspace       used 6582K, capacity 7348K, committed 7552K, reserved 1056768K
  class space    used 607K, capacity 620K, committed 640K, reserved 1048576K
}
Event: 11.914 GC heap before
{Heap before GC invocations=9 (full 1):
 PSYoungGen      total 285696K, used 256488K [0x000000076ab00000, 0x000000077e500000, 0x00000007c0000000)
  eden space 256000K, 100% used [0x000000076ab00000,0x000000077a500000,0x000000077a500000)
  from space 29696K, 1% used [0x000000077a500000,0x000000077a57a208,0x000000077c200000)
  to   space 23552K, 0% used [0x000000077c200000,0x000000077c200000,0x000000077d900000)
 ParOldGen       total 168960K, used 85907K [0x00000006c0000000, 0x00000006ca500000, 0x000000076ab00000)
  object space 168960K, 50% used [0x00000006c0000000,0x00000006c53e4e70,0x00000006ca500000)
 Metaspace       used 6594K, capacity 7348K, committed 7552K, reserved 1056768K
  class space    used 607K, capacity 620K, committed 640K, reserved 1048576K
Event: 12.049 GC heap after
Heap after GC invocations=9 (full 1):
 PSYoungGen      total 279552K, used 23547K [0x000000076ab00000, 0x000000077e500000, 0x00000007c0000000)
  eden space 256000K, 0% used [0x000000076ab00000,0x000000076ab00000,0x000000077a500000)
  from space 23552K, 99% used [0x000000077c200000,0x000000077d8fec90,0x000000077d900000)
  to   space 29696K, 0% used [0x000000077a500000,0x000000077a500000,0x000000077c200000)
 ParOldGen       total 168960K, used 99554K [0x00000006c0000000, 0x00000006ca500000, 0x000000076ab00000)
  object space 168960K, 58% used [0x00000006c0000000,0x00000006c6138b50,0x00000006ca500000)
 Metaspace       used 6594K, capacity 7348K, committed 7552K, reserved 1056768K
  class space    used 607K, capacity 620K, committed 640K, reserved 1048576K
}
Event: 13.840 GC heap before
{Heap before GC invocations=10 (full 1):
 PSYoungGen      total 279552K, used 279547K [0x000000076ab00000, 0x000000077e500000, 0x00000007c0000000)
  eden space 256000K, 100% used [0x000000076ab00000,0x000000077a500000,0x000000077a500000)
  from space 23552K, 99% used [0x000000077c200000,0x000000077d8fec90,0x000000077d900000)
  to   space 29696K, 0% used [0x000000077a500000,0x000000077a500000,0x000000077c200000)
 ParOldGen       total 168960K, used 99554K [0x00000006c0000000, 0x00000006ca500000, 0x000000076ab00000)
  object space 168960K, 58% used [0x00000006c0000000,0x00000006c6138b50,0x00000006ca500000)
 Metaspace       used 6613K, capacity 7348K, committed 7552K, reserved 1056768K
  class space    used 607K, capacity 620K, committed 640K, reserved 1048576K
Event: 14.083 GC heap after
Heap after GC invocations=10 (full 1):
 PSYoungGen      total 285696K, used 29667K [0x000000076ab00000, 0x000000077e500000, 0x00000007c0000000)
  eden space 256000K, 0% used [0x000000076ab00000,0x000000076ab00000,0x000000077a500000)
  from space 29696K, 99% used [0x000000077a500000,0x000000077c1f8d98,0x000000077c200000)
  to   space 23552K, 0% used [0x000000077c200000,0x000000077c200000,0x000000077d900000)
 ParOldGen       total 168960K, used 135815K [0x00000006c0000000, 0x00000006ca500000, 0x000000076ab00000)
  object space 168960K, 80% used [0x00000006c0000000,0x00000006c84a1cc0,0x00000006ca500000)
 Metaspace       used 6613K, capacity 7348K, committed 7552K, reserved 1056768K
  class space    used 607K, capacity 620K, committed 640K, reserved 1048576K
}
Event: 14.083 GC heap before
{Heap before GC invocations=11 (full 2):
 PSYoungGen      total 285696K, used 29667K [0x000000076ab00000, 0x000000077e500000, 0x00000007c0000000)
  eden space 256000K, 0% used [0x000000076ab00000,0x000000076ab00000,0x000000077a500000)
  from space 29696K, 99% used [0x000000077a500000,0x000000077c1f8d98,0x000000077c200000)
  to   space 23552K, 0% used [0x000000077c200000,0x000000077c200000,0x000000077d900000)
 ParOldGen       total 168960K, used 135815K [0x00000006c0000000, 0x00000006ca500000, 0x000000076ab00000)
  object space 168960K, 80% used [0x00000006c0000000,0x00000006c84a1cc0,0x00000006ca500000)
 Metaspace       used 6613K, capacity 7348K, committed 7552K, reserved 1056768K
  class space    used 607K, capacity 620K, committed 640K, reserved 1048576K
Event: 16.185 GC heap after
Heap after GC invocations=11 (full 2):
 PSYoungGen      total 285696K, used 0K [0x000000076ab00000, 0x000000077e500000, 0x00000007c0000000)
  eden space 256000K, 0% used [0x000000076ab00000,0x000000076ab00000,0x000000077a500000)
  from space 29696K, 0% used [0x000000077a500000,0x000000077a500000,0x000000077c200000)
  to   space 23552K, 0% used [0x000000077c200000,0x000000077c200000,0x000000077d900000)
 ParOldGen       total 168960K, used 160456K [0x00000006c0000000, 0x00000006ca500000, 0x000000076ab00000)
  object space 168960K, 94% used [0x00000006c0000000,0x00000006c9cb2380,0x00000006ca500000)
 Metaspace       used 6613K, capacity 7348K, committed 7552K, reserved 1056768K
  class space    used 607K, capacity 620K, committed 640K, reserved 1048576K
}
Event: 17.943 GC heap before
{Heap before GC invocations=12 (full 3):
 PSYoungGen      total 285696K, used 256000K [0x000000076ab00000, 0x000000077e500000, 0x00000007c0000000)
  eden space 256000K, 100% used [0x000000076ab00000,0x000000077a500000,0x000000077a500000)
  from space 29696K, 0% used [0x000000077a500000,0x000000077a500000,0x000000077c200000)
  to   space 23552K, 0% used [0x000000077c200000,0x000000077c200000,0x000000077d900000)
 ParOldGen       total 168960K, used 160456K [0x00000006c0000000, 0x00000006ca500000, 0x000000076ab00000)
  object space 168960K, 94% used [0x00000006c0000000,0x00000006c9cb2380,0x00000006ca500000)
 Metaspace       used 6617K, capacity 7348K, committed 7552K, reserved 1056768K
  class space    used 608K, capacity 620K, committed 640K, reserved 1048576K
Event: 19.633 GC heap after
Heap after GC invocations=12 (full 3):
 PSYoungGen      total 285696K, used 36640K [0x000000076ab00000, 0x000000077e500000, 0x00000007c0000000)
  eden space 256000K, 14% used [0x000000076ab00000,0x000000076cec8398,0x000000077a500000)
  from space 29696K, 0% used [0x000000077a500000,0x000000077a500000,0x000000077c200000)
  to   space 23552K, 0% used [0x000000077c200000,0x000000077c200000,0x000000077d900000)
 ParOldGen       total 168960K, used 168904K [0x00000006c0000000, 0x00000006ca500000, 0x000000076ab00000)
  object space 168960K, 99% used [0x00000006c0000000,0x00000006ca4f2148,0x00000006ca500000)
 Metaspace       used 6617K, capacity 7348K, committed 7552K, reserved 1056768K
  class space    used 608K, capacity 620K, committed 640K, reserved 1048576K
}

